
1;BUY;2017-12-29T07:14:57+00:00;30.30;2017-12-29T07:16:09+00:00;30.15;PROFIT;0.15000000000000213
2;SELL;2017-12-29T07:16:09+00:00;30.15;2017-12-29T07:16:57+00:00;30.48;LOST;-0.3500000000000014
3;SELL;2017-12-29T07:16:57+00:00;30.48;2017-12-29T07:17:35+00:00;30.50;LOST;-0.030000000000001137
4;SELL;2017-12-29T07:17:35+00:00;30.50;2017-12-29T07:22:53+00:00;30.60;LOST;-0.120000000000001
5;SELL;2017-12-29T07:22:53+00:00;30.60;2017-12-29T07:23:17+00:00;30.91;LOST;-0.3200000000000003
6;SELL;2017-12-29T07:23:17+00:00;30.91;2017-12-29T07:29:23+00:00;30.77;PROFIT;0.120000000000001
7;BUY;2017-12-29T07:29:23+00:00;30.79;2017-12-29T07:30:24+00:00;30.59;PROFIT;0.1999999999999993
8;SELL;2017-12-29T07:30:24+00:00;30.59;2017-12-29T07:35:33+00:00;30.80;LOST;-0.21999999999999886
9;SELL;2017-12-29T07:35:33+00:00;30.80;2017-12-29T07:42:42+00:00;30.68;PROFIT;0.10000000000000142
10;BUY;2017-12-29T07:42:42+00:00;30.70;2017-12-29T07:43:58+00:00;30.70;DRAW;0
11;BUY;2017-12-29T07:43:58+00:00;30.71;2017-12-29T07:57:02+00:00;31.50;LOST;-0.7899999999999991
12;BUY;2017-12-29T07:57:02+00:00;31.51;2017-12-29T08:02:18+00:00;31.82;LOST;-0.3099999999999987
13;BUY;2017-12-29T08:02:18+00:00;31.83;2017-12-29T08:03:58+00:00;31.82;PROFIT;0.00999999999999801
14;SELL;2017-12-29T08:03:58+00:00;31.82;2017-12-29T08:12:17+00:00;31.84;LOST;-0.030000000000001137
15;SELL;2017-12-29T08:12:17+00:00;31.84;2017-12-29T08:17:24+00:00;31.32;PROFIT;0.5100000000000016
16;BUY;2017-12-29T08:17:24+00:00;31.33;2017-12-29T08:21:39+00:00;31.84;LOST;-0.5100000000000016
17;BUY;2017-12-29T08:21:39+00:00;31.86;2017-12-29T08:23:33+00:00;31.84;PROFIT;0.019999999999999574
18;SELL;2017-12-29T08:23:33+00:00;31.84;2017-12-29T08:25:47+00:00;32.49;LOST;-0.6600000000000001
19;SELL;2017-12-29T08:25:47+00:00;32.49;2017-12-29T08:26:47+00:00;32.49;LOST;-0.00999999999999801
20;SELL;2017-12-29T08:26:47+00:00;32.49;2017-12-29T08:31:17+00:00;32.78;LOST;-0.30999999999999517
21;SELL;2017-12-29T08:31:17+00:00;32.78;2017-12-29T08:38:41+00:00;32.38;PROFIT;0.38000000000000256
22;BUY;2017-12-29T08:38:41+00:00;32.40;2017-12-29T08:40:10+00:00;32.79;LOST;-0.39000000000000057
23;BUY;2017-12-29T08:40:10+00:00;32.80;2017-12-29T08:42:58+00:00;32.97;LOST;-0.1700000000000017
24;BUY;2017-12-29T08:42:58+00:00;32.98;2017-12-29T08:48:11+00:00;33.79;LOST;-0.8100000000000023
25;BUY;2017-12-29T08:48:11+00:00;33.80;2017-12-29T08:49:10+00:00;33.48;PROFIT;0.3200000000000003
26;SELL;2017-12-29T08:49:10+00:00;33.48;2017-12-29T08:51:45+00:00;33.77;LOST;-0.30000000000000426
27;SELL;2017-12-29T08:51:45+00:00;33.77;2017-12-29T08:55:58+00:00;33.64;PROFIT;0.12000000000000455
28;BUY;2017-12-29T08:55:58+00:00;33.65;2017-12-29T08:59:20+00:00;33.44;PROFIT;0.21000000000000085
29;SELL;2017-12-29T08:59:20+00:00;33.44;2017-12-29T09:07:31+00:00;33.47;LOST;-0.03999999999999915
30;SELL;2017-12-29T09:07:31+00:00;33.47;2017-12-29T09:07:53+00:00;32.75;PROFIT;0.7100000000000009
31;BUY;2017-12-29T09:07:53+00:00;32.76;2017-12-29T09:16:08+00:00;32.93;LOST;-0.1700000000000017
32;BUY;2017-12-29T09:16:08+00:00;32.94;2017-12-29T09:17:39+00:00;32.90;PROFIT;0.03999999999999915
33;SELL;2017-12-29T09:17:39+00:00;32.90;2017-12-29T09:19:40+00:00;32.93;LOST;-0.03999999999999915
34;SELL;2017-12-29T09:19:40+00:00;32.93;2017-12-29T09:20:19+00:00;33.54;LOST;-0.6199999999999974
35;SELL;2017-12-29T09:20:19+00:00;33.54;2017-12-29T09:28:38+00:00;32.75;PROFIT;0.7800000000000011
36;BUY;2017-12-29T09:28:38+00:00;32.76;2017-12-29T09:30:43+00:00;32.85;LOST;-0.09000000000000341
37;BUY;2017-12-29T09:30:43+00:00;32.86;2017-12-29T09:31:25+00:00;32.70;PROFIT;0.1599999999999966
38;SELL;2017-12-29T09:31:25+00:00;32.70;2017-12-29T09:34:10+00:00;32.85;LOST;-0.1699999999999946
39;SELL;2017-12-29T09:34:10+00:00;32.85;2017-12-29T09:36:09+00:00;32.85;LOST;-0.01999999999999602
40;SELL;2017-12-29T09:36:09+00:00;32.85;2017-12-29T09:36:33+00:00;32.81;PROFIT;0.020000000000003126
41;BUY;2017-12-29T09:36:33+00:00;32.83;2017-12-29T09:37:26+00:00;32.81;PROFIT;0.01999999999999602
42;SELL;2017-12-29T09:37:26+00:00;32.81;2017-12-29T09:40:39+00:00;32.81;LOST;-0.00999999999999801
43;SELL;2017-12-29T09:40:39+00:00;32.81;2017-12-29T09:49:54+00:00;33.42;LOST;-0.6199999999999974
44;SELL;2017-12-29T09:49:54+00:00;33.42;2017-12-29T09:52:17+00:00;33.28;PROFIT;0.12000000000000455
45;BUY;2017-12-29T09:52:17+00:00;33.30;2017-12-29T10:41:03+00:00;34.84;LOST;-1.5400000000000063
46;BUY;2017-12-29T10:41:03+00:00;34.85;2017-12-29T10:41:20+00:00;34.86;LOST;-0.00999999999999801
47;BUY;2017-12-29T10:41:20+00:00;34.87;2017-12-29T10:42:58+00:00;34.71;PROFIT;0.1599999999999966
48;SELL;2017-12-29T10:42:58+00:00;34.71;2017-12-29T10:50:54+00:00;34.85;LOST;-0.1599999999999966
49;SELL;2017-12-29T10:50:54+00:00;34.85;2017-12-29T10:51:25+00:00;34.99;LOST;-0.14999999999999858
50;SELL;2017-12-29T10:51:25+00:00;34.99;2017-12-29T10:52:19+00:00;34.99;LOST;-0.00999999999999801
51;SELL;2017-12-29T10:52:19+00:00;34.99;2017-12-29T10:54:40+00:00;34.95;PROFIT;0.030000000000001137
52;BUY;2017-12-29T10:54:40+00:00;34.96;2017-12-29T10:55:40+00:00;35.00;LOST;-0.03999999999999915
53;BUY;2017-12-29T10:55:40+00:00;35.01;2017-12-29T10:56:41+00:00;35.11;LOST;-0.10000000000000142
54;BUY;2017-12-29T10:56:41+00:00;35.12;2017-12-29T10:59:47+00:00;35.52;LOST;-0.4000000000000057
55;BUY;2017-12-29T10:59:47+00:00;35.53;2017-12-29T11:00:21+00:00;35.71;LOST;-0.17999999999999972
56;BUY;2017-12-29T11:00:21+00:00;35.73;2017-12-29T11:01:11+00:00;35.90;LOST;-0.1700000000000017
57;BUY;2017-12-29T11:01:11+00:00;35.91;2017-12-29T11:02:36+00:00;35.99;LOST;-0.0800000000000054
58;BUY;2017-12-29T11:02:36+00:00;36.00;2017-12-29T11:03:20+00:00;36.28;LOST;-0.28000000000000114
59;BUY;2017-12-29T11:03:20+00:00;36.30;2017-12-29T11:05:33+00:00;36.39;LOST;-0.09000000000000341
60;BUY;2017-12-29T11:05:33+00:00;36.40;2017-12-29T11:06:10+00:00;35.90;PROFIT;0.5
61;SELL;2017-12-29T11:06:10+00:00;35.90;2017-12-29T11:18:15+00:00;34.97;PROFIT;0.9200000000000017
62;BUY;2017-12-29T11:18:15+00:00;34.98;2017-12-29T11:19:39+00:00;34.97;PROFIT;0.00999999999999801
63;SELL;2017-12-29T11:19:39+00:00;34.97;2017-12-29T11:21:34+00:00;35.00;LOST;-0.03999999999999915
64;SELL;2017-12-29T11:21:34+00:00;35.00;2017-12-29T11:22:42+00:00;34.99;DRAW;0
65;SELL;2017-12-29T11:22:42+00:00;34.99;2017-12-29T11:29:46+00:00;34.55;PROFIT;0.4299999999999997
66;BUY;2017-12-29T11:29:46+00:00;34.56;2017-12-29T11:30:53+00:00;34.40;PROFIT;0.1600000000000037
67;SELL;2017-12-29T11:30:53+00:00;34.40;2017-12-29T11:35:47+00:00;34.57;LOST;-0.17999999999999972
68;SELL;2017-12-29T11:35:47+00:00;34.57;2017-12-29T11:36:00+00:00;34.24;PROFIT;0.3200000000000003
69;BUY;2017-12-29T11:36:00+00:00;34.25;2017-12-29T11:41:55+00:00;34.44;LOST;-0.18999999999999773
70;BUY;2017-12-29T11:41:55+00:00;34.45;2017-12-29T11:44:16+00:00;34.45;DRAW;0
71;BUY;2017-12-29T11:44:16+00:00;34.46;2017-12-29T11:49:32+00:00;34.78;LOST;-0.3200000000000003
72;BUY;2017-12-29T11:49:32+00:00;34.79;2017-12-29T11:58:31+00:00;34.14;PROFIT;0.6499999999999986
73;SELL;2017-12-29T11:58:31+00:00;34.14;2017-12-29T12:00:18+00:00;34.16;LOST;-0.030000000000001137
74;SELL;2017-12-29T12:00:18+00:00;34.16;2017-12-29T12:00:49+00:00;34.10;PROFIT;0.03999999999999915
75;BUY;2017-12-29T12:00:49+00:00;34.12;2017-12-29T12:01:01+00:00;34.10;PROFIT;0.01999999999999602
76;SELL;2017-12-29T12:01:01+00:00;34.10;2017-12-29T12:01:10+00:00;34.00;PROFIT;0.09000000000000341
77;BUY;2017-12-29T12:01:10+00:00;34.01;2017-12-29T12:03:46+00:00;33.99;PROFIT;0.01999999999999602
78;SELL;2017-12-29T12:03:46+00:00;33.99;2017-12-29T12:06:22+00:00;33.48;PROFIT;0.5
79;BUY;2017-12-29T12:06:22+00:00;33.49;2017-12-29T12:06:24+00:00;33.48;PROFIT;0.010000000000005116
80;SELL;2017-12-29T12:06:24+00:00;33.48;2017-12-29T12:12:45+00:00;34.18;LOST;-0.7100000000000009
81;SELL;2017-12-29T12:12:45+00:00;34.18;2017-12-29T12:23:42+00:00;34.77;LOST;-0.6000000000000014
82;SELL;2017-12-29T12:23:42+00:00;34.77;2017-12-29T12:24:42+00:00;34.78;LOST;-0.01999999999999602
83;SELL;2017-12-29T12:24:42+00:00;34.78;2017-12-29T12:27:08+00:00;34.67;PROFIT;0.09000000000000341
84;BUY;2017-12-29T12:27:08+00:00;34.69;2017-12-29T12:28:17+00:00;34.67;PROFIT;0.01999999999999602
85;SELL;2017-12-29T12:28:17+00:00;34.67;2017-12-29T12:28:24+00:00;34.67;LOST;-0.01999999999999602
86;SELL;2017-12-29T12:28:24+00:00;34.67;2017-12-29T12:31:02+00:00;34.50;PROFIT;0.1600000000000037
87;BUY;2017-12-29T12:31:02+00:00;34.51;2017-12-29T12:34:21+00:00;34.79;LOST;-0.28000000000000114
88;BUY;2017-12-29T12:34:21+00:00;34.80;2017-12-29T12:35:29+00:00;34.94;LOST;-0.14000000000000057
89;BUY;2017-12-29T12:35:29+00:00;34.95;2017-12-29T12:40:40+00:00;35.74;LOST;-0.7899999999999991
90;BUY;2017-12-29T12:40:40+00:00;35.75;2017-12-29T12:44:38+00:00;35.99;LOST;-0.240000000000002
91;BUY;2017-12-29T12:44:38+00:00;36.00;2017-12-29T12:48:00+00:00;36.76;LOST;-0.759999999999998
92;BUY;2017-12-29T12:48:00+00:00;36.77;2017-12-29T12:48:12+00:00;36.77;DRAW;0
93;BUY;2017-12-29T12:48:12+00:00;36.78;2017-12-29T12:49:43+00:00;36.88;LOST;-0.10000000000000142
94;BUY;2017-12-29T12:49:43+00:00;36.89;2017-12-29T12:50:10+00:00;36.89;DRAW;0
95;BUY;2017-12-29T12:50:10+00:00;36.90;2017-12-29T13:00:29+00:00;36.80;PROFIT;0.10000000000000142
96;SELL;2017-12-29T13:00:29+00:00;36.80;2017-12-29T13:01:03+00:00;36.78;PROFIT;0.00999999999999801
97;BUY;2017-12-29T13:01:03+00:00;36.79;2017-12-29T13:01:57+00:00;36.50;PROFIT;0.28999999999999915
98;SELL;2017-12-29T13:01:57+00:00;36.50;2017-12-29T13:05:04+00:00;36.83;LOST;-0.3400000000000034
99;SELL;2017-12-29T13:05:04+00:00;36.83;2017-12-29T13:15:03+00:00;36.98;LOST;-0.1600000000000037
100;SELL;2017-12-29T13:15:03+00:00;36.98;2017-12-29T13:15:23+00:00;36.59;PROFIT;0.37999999999999545
101;BUY;2017-12-29T13:15:23+00:00;36.60;2017-12-29T13:15:36+00:00;36.59;PROFIT;0.00999999999999801
102;SELL;2017-12-29T13:15:36+00:00;36.59;2017-12-29T13:15:51+00:00;36.58;DRAW;0
103;SELL;2017-12-29T13:15:51+00:00;36.58;2017-12-29T13:16:56+00:00;36.59;LOST;-0.020000000000003126
104;SELL;2017-12-29T13:16:56+00:00;36.59;2017-12-29T13:17:20+00:00;36.53;PROFIT;0.05000000000000426
105;BUY;2017-12-29T13:17:20+00:00;36.54;2017-12-29T13:18:51+00:00;36.49;PROFIT;0.04999999999999716
106;SELL;2017-12-29T13:18:51+00:00;36.49;2017-12-29T13:22:44+00:00;35.28;PROFIT;1.1900000000000048
107;BUY;2017-12-29T13:22:44+00:00;35.30;2017-12-29T13:24:42+00:00;35.26;PROFIT;0.03999999999999915
108;SELL;2017-12-29T13:24:42+00:00;35.26;2017-12-29T13:25:41+00:00;35.25;DRAW;0
109;SELL;2017-12-29T13:25:41+00:00;35.25;2017-12-29T13:26:03+00:00;35.27;LOST;-0.030000000000001137
110;SELL;2017-12-29T13:26:03+00:00;35.27;2017-12-29T13:27:27+00:00;35.75;LOST;-0.4899999999999949
111;SELL;2017-12-29T13:27:27+00:00;35.75;2017-12-29T13:28:43+00:00;35.75;LOST;-0.00999999999999801
112;SELL;2017-12-29T13:28:43+00:00;35.75;2017-12-29T13:33:58+00:00;35.48;PROFIT;0.259999999999998
113;BUY;2017-12-29T13:33:58+00:00;35.49;2017-12-29T13:36:19+00:00;35.59;LOST;-0.10000000000000142
114;BUY;2017-12-29T13:36:19+00:00;35.60;2017-12-29T13:37:14+00:00;35.78;LOST;-0.17999999999999972
115;BUY;2017-12-29T13:37:14+00:00;35.79;2017-12-29T13:38:03+00:00;36.09;LOST;-0.30000000000000426
116;BUY;2017-12-29T13:38:03+00:00;36.10;2017-12-29T13:39:35+00:00;36.29;LOST;-0.18999999999999773
117;BUY;2017-12-29T13:39:35+00:00;36.30;2017-12-29T13:41:37+00:00;36.47;LOST;-0.1700000000000017
118;BUY;2017-12-29T13:41:37+00:00;36.48;2017-12-29T13:42:46+00:00;36.47;PROFIT;0.00999999999999801
119;SELL;2017-12-29T13:42:46+00:00;36.47;2017-12-29T13:50:59+00:00;36.39;PROFIT;0.07000000000000028
120;BUY;2017-12-29T13:50:59+00:00;36.40;2017-12-29T13:51:24+00:00;36.39;PROFIT;0.00999999999999801
121;SELL;2017-12-29T13:51:24+00:00;36.39;2017-12-29T13:57:54+00:00;36.39;LOST;-0.00999999999999801
122;SELL;2017-12-29T13:57:54+00:00;36.39;2017-12-29T14:02:29+00:00;36.79;LOST;-0.4099999999999966
123;SELL;2017-12-29T14:02:29+00:00;36.79;2017-12-29T14:02:43+00:00;36.79;LOST;-0.00999999999999801
124;SELL;2017-12-29T14:02:43+00:00;36.79;2017-12-29T14:08:38+00:00;36.77;DRAW;0
125;SELL;2017-12-29T14:08:38+00:00;36.77;2017-12-29T14:09:45+00:00;36.76;DRAW;0
126;SELL;2017-12-29T14:09:45+00:00;36.76;2017-12-29T14:11:34+00:00;36.94;LOST;-0.19000000000000483
127;SELL;2017-12-29T14:11:34+00:00;36.94;2017-12-29T14:12:22+00:00;36.95;LOST;-0.020000000000003126
128;SELL;2017-12-29T14:12:22+00:00;36.95;2017-12-29T14:13:05+00:00;36.98;LOST;-0.03999999999999915
129;SELL;2017-12-29T14:13:05+00:00;36.98;2017-12-29T14:14:53+00:00;36.95;PROFIT;0.01999999999999602